<?xml version="1.0" encoding="UTF-8"?>
<!-- Generated by org.testng.reporters.JUnitReportReporter -->
<testsuite hostname="DESKTOP-97VVJJ8" failures="0" tests="1" name="com.bs.testCases.Rest" time="4.594" errors="0" timestamp="2021-04-28T18:12:28 IST" skipped="0">
  <testcase classname="com.bs.testCases.Rest" name="getweatherDetails" time="4.594"/>
  <system-out/>
</testsuite> <!-- com.bs.testCases.Rest -->
