<?xml version="1.0" encoding="UTF-8"?>
<!-- Generated by org.testng.reporters.JUnitReportReporter -->
<testsuite hostname="DESKTOP-97VVJJ8" failures="0" tests="1" name="DragdropTest" time="24.001" errors="0" timestamp="2021-03-30T16:04:16 IST" skipped="0">
  <testcase classname="DragdropTest" name="drag" time="24.001"/>
  <system-out/>
</testsuite> <!-- DragdropTest -->
