<?xml version="1.0" encoding="UTF-8"?>
<!-- Generated by org.testng.reporters.JUnitReportReporter -->
<testsuite hostname="DESKTOP-97VVJJ8" failures="0" tests="1" name="com.bs.testCases.Bubble_Test" time="36.634" errors="0" timestamp="2021-04-01T16:23:11 IST" skipped="0">
  <testcase classname="com.bs.testCases.Bubble_Test" name="bubble_test" time="36.634"/>
  <system-out/>
</testsuite> <!-- com.bs.testCases.Bubble_Test -->
