<?xml version="1.0" encoding="UTF-8"?>
<!-- Generated by org.testng.reporters.JUnitReportReporter -->
<testsuite hostname="DESKTOP-97VVJJ8" failures="0" tests="1" name="bubble.ExtentReportDemo" time="1.295" errors="0" timestamp="2021-03-30T11:08:46 IST" skipped="0">
  <testcase classname="bubble.ExtentReportDemo" name="loginTest" time="1.295"/>
  <system-out/>
</testsuite> <!-- bubble.ExtentReportDemo -->
